D:\ST\CONSOLEAPPLICATION5\CONSOLEAPPLICATION5\DEBUG\NHANVIEN.OBJ
D:\ST\CONSOLEAPPLICATION5\CONSOLEAPPLICATION5\DEBUG\NVBH.OBJ
D:\ST\CONSOLEAPPLICATION5\CONSOLEAPPLICATION5\DEBUG\NVVP.OBJ
D:\ST\CONSOLEAPPLICATION5\CONSOLEAPPLICATION5\DEBUG\MAIN.OBJ
D:\ST\CONSOLEAPPLICATION5\CONSOLEAPPLICATION5\DEBUG\VC110.PDB
D:\ST\CONSOLEAPPLICATION5\DEBUG\CONSOLEAPPLICATION5.ILK
D:\ST\CONSOLEAPPLICATION5\DEBUG\CONSOLEAPPLICATION5.EXE
D:\ST\CONSOLEAPPLICATION5\DEBUG\CONSOLEAPPLICATION5.PDB
D:\st\ConsoleApplication5\ConsoleApplication5\Debug\main.obj
D:\st\ConsoleApplication5\ConsoleApplication5\Debug\NhanVien.obj
D:\st\ConsoleApplication5\ConsoleApplication5\Debug\NVBH.obj
D:\st\ConsoleApplication5\ConsoleApplication5\Debug\NVVP.obj
D:\st\ConsoleApplication5\ConsoleApplication5\Debug\cl.command.1.tlog
D:\st\ConsoleApplication5\ConsoleApplication5\Debug\CL.read.1.tlog
D:\st\ConsoleApplication5\ConsoleApplication5\Debug\CL.write.1.tlog
D:\st\ConsoleApplication5\ConsoleApplication5\Debug\link-cvtres.read.1.tlog
D:\st\ConsoleApplication5\ConsoleApplication5\Debug\link-cvtres.write.1.tlog
D:\st\ConsoleApplication5\ConsoleApplication5\Debug\link-rc.read.1.tlog
D:\st\ConsoleApplication5\ConsoleApplication5\Debug\link-rc.write.1.tlog
D:\st\ConsoleApplication5\ConsoleApplication5\Debug\link.command.1.tlog
D:\st\ConsoleApplication5\ConsoleApplication5\Debug\link.read.1.tlog
D:\st\ConsoleApplication5\ConsoleApplication5\Debug\link.write.1.tlog
D:\st\ConsoleApplication5\ConsoleApplication5\Debug\vc110.idb
D:\st\ConsoleApplication5\ConsoleApplication5\Debug\vc110.pdb
D:\st\ConsoleApplication5\Debug\ConsoleApplication5.pdb
D:\st\ConsoleApplication5\Debug\ConsoleApplication5.exe
D:\st\ConsoleApplication5\Debug\ConsoleApplication5.ilk
