C:\USERS\ADMINISTRATOR\DESKTOP\KIEMTRA1 CXE\CONSOLEAPPLICATION1\DEBUG\CXE.OBJ
C:\USERS\ADMINISTRATOR\DESKTOP\KIEMTRA1 CXE\CONSOLEAPPLICATION1\DEBUG\CXEDAP.OBJ
C:\USERS\ADMINISTRATOR\DESKTOP\KIEMTRA1 CXE\CONSOLEAPPLICATION1\DEBUG\CXEMAY.OBJ
C:\USERS\ADMINISTRATOR\DESKTOP\KIEMTRA1 CXE\CONSOLEAPPLICATION1\DEBUG\MAIN.OBJ
C:\USERS\ADMINISTRATOR\DESKTOP\KIEMTRA1 CXE\CONSOLEAPPLICATION1\DEBUG\VC110.PDB
C:\USERS\ADMINISTRATOR\DESKTOP\KIEMTRA1 CXE\DEBUG\CONSOLEAPPLICATION1.ILK
C:\USERS\ADMINISTRATOR\DESKTOP\KIEMTRA1 CXE\DEBUG\CONSOLEAPPLICATION1.EXE
C:\USERS\ADMINISTRATOR\DESKTOP\KIEMTRA1 CXE\DEBUG\CONSOLEAPPLICATION1.PDB
C:\Users\Administrator\Desktop\kiemtra1 Cxe\ConsoleApplication1\Debug\Cxe.obj
C:\Users\Administrator\Desktop\kiemtra1 Cxe\ConsoleApplication1\Debug\Cxedap.obj
C:\Users\Administrator\Desktop\kiemtra1 Cxe\ConsoleApplication1\Debug\Cxemay.obj
C:\Users\Administrator\Desktop\kiemtra1 Cxe\ConsoleApplication1\Debug\main.obj
C:\Users\Administrator\Desktop\kiemtra1 Cxe\ConsoleApplication1\Debug\cl.command.1.tlog
C:\Users\Administrator\Desktop\kiemtra1 Cxe\ConsoleApplication1\Debug\CL.read.1.tlog
C:\Users\Administrator\Desktop\kiemtra1 Cxe\ConsoleApplication1\Debug\CL.write.1.tlog
C:\Users\Administrator\Desktop\kiemtra1 Cxe\ConsoleApplication1\Debug\link-cvtres.read.1.tlog
C:\Users\Administrator\Desktop\kiemtra1 Cxe\ConsoleApplication1\Debug\link-cvtres.write.1.tlog
C:\Users\Administrator\Desktop\kiemtra1 Cxe\ConsoleApplication1\Debug\link-rc.read.1.tlog
C:\Users\Administrator\Desktop\kiemtra1 Cxe\ConsoleApplication1\Debug\link-rc.write.1.tlog
C:\Users\Administrator\Desktop\kiemtra1 Cxe\ConsoleApplication1\Debug\link.command.1.tlog
C:\Users\Administrator\Desktop\kiemtra1 Cxe\ConsoleApplication1\Debug\link.read.1.tlog
C:\Users\Administrator\Desktop\kiemtra1 Cxe\ConsoleApplication1\Debug\link.write.1.tlog
C:\Users\Administrator\Desktop\kiemtra1 Cxe\ConsoleApplication1\Debug\vc110.idb
C:\Users\Administrator\Desktop\kiemtra1 Cxe\ConsoleApplication1\Debug\vc110.pdb
C:\Users\Administrator\Desktop\kiemtra1 Cxe\Debug\ConsoleApplication1.pdb
C:\Users\Administrator\Desktop\kiemtra1 Cxe\Debug\ConsoleApplication1.exe
C:\Users\Administrator\Desktop\kiemtra1 Cxe\Debug\ConsoleApplication1.ilk
