D:\ST\CONSOLEAPPLICATION5\CONSOLEAPPLICATION5\DEBUG\TOADO.OBJ
D:\ST\CONSOLEAPPLICATION5\CONSOLEAPPLICATION5\DEBUG\VC110.PDB
D:\ST\CONSOLEAPPLICATION5\CONSOLEAPPLICATION5\DEBUG\CAU 3.OBJ
D:\ST\CONSOLEAPPLICATION5\CONSOLEAPPLICATION5\DEBUG\MAIN.OBJ
D:\ST\CONSOLEAPPLICATION5\CONSOLEAPPLICATION5\DEBUG\NHANVIEN.OBJ
D:\ST\CONSOLEAPPLICATION5\CONSOLEAPPLICATION5\DEBUG\NVBC.OBJ
D:\ST\CONSOLEAPPLICATION5\CONSOLEAPPLICATION5\DEBUG\NVHD.OBJ
C:\USERS\ADMINISTRATOR\DESKTOP\CAU 2\CONSOLEAPPLICATION5\DEBUG\MAIN.OBJ
C:\USERS\ADMINISTRATOR\DESKTOP\CAU 2\CONSOLEAPPLICATION5\DEBUG\NHANVIEN.OBJ
C:\USERS\ADMINISTRATOR\DESKTOP\CAU 2\CONSOLEAPPLICATION5\DEBUG\NVBC.OBJ
C:\USERS\ADMINISTRATOR\DESKTOP\CAU 2\CONSOLEAPPLICATION5\DEBUG\NVHD.OBJ
C:\USERS\ADMINISTRATOR\DESKTOP\CAU 2\CONSOLEAPPLICATION5\DEBUG\VC110.PDB
D:\ST\CONSOLEAPPLICATION5\DEBUG\CONSOLEAPPLICATION5.ILK
D:\ST\CONSOLEAPPLICATION5\DEBUG\CONSOLEAPPLICATION5.EXE
D:\ST\CONSOLEAPPLICATION5\DEBUG\CONSOLEAPPLICATION5.PDB
C:\USERS\ADMINISTRATOR\DESKTOP\CAU 2\DEBUG\CONSOLEAPPLICATION5.ILK
C:\USERS\ADMINISTRATOR\DESKTOP\CAU 2\DEBUG\CONSOLEAPPLICATION5.EXE
C:\USERS\ADMINISTRATOR\DESKTOP\CAU 2\DEBUG\CONSOLEAPPLICATION5.PDB
C:\Users\Administrator\Desktop\cau 2\ConsoleApplication5\Debug\cau 3.obj
C:\Users\Administrator\Desktop\cau 2\ConsoleApplication5\Debug\main.obj
C:\Users\Administrator\Desktop\cau 2\ConsoleApplication5\Debug\NhanVien.obj
C:\Users\Administrator\Desktop\cau 2\ConsoleApplication5\Debug\NVBC.obj
C:\Users\Administrator\Desktop\cau 2\ConsoleApplication5\Debug\NVHD.obj
C:\Users\Administrator\Desktop\cau 2\ConsoleApplication5\Debug\toado.obj
C:\Users\Administrator\Desktop\cau 2\ConsoleApplication5\Debug\cl.command.1.tlog
C:\Users\Administrator\Desktop\cau 2\ConsoleApplication5\Debug\CL.read.1.tlog
C:\Users\Administrator\Desktop\cau 2\ConsoleApplication5\Debug\CL.write.1.tlog
C:\Users\Administrator\Desktop\cau 2\ConsoleApplication5\Debug\link-cvtres.read.1.tlog
C:\Users\Administrator\Desktop\cau 2\ConsoleApplication5\Debug\link-cvtres.write.1.tlog
C:\Users\Administrator\Desktop\cau 2\ConsoleApplication5\Debug\link-rc.read.1.tlog
C:\Users\Administrator\Desktop\cau 2\ConsoleApplication5\Debug\link-rc.write.1.tlog
C:\Users\Administrator\Desktop\cau 2\ConsoleApplication5\Debug\link.1928-cvtres.read.1.tlog
C:\Users\Administrator\Desktop\cau 2\ConsoleApplication5\Debug\link.1928-cvtres.write.1.tlog
C:\Users\Administrator\Desktop\cau 2\ConsoleApplication5\Debug\link.1928-rc.read.1.tlog
C:\Users\Administrator\Desktop\cau 2\ConsoleApplication5\Debug\link.1928-rc.write.1.tlog
C:\Users\Administrator\Desktop\cau 2\ConsoleApplication5\Debug\link.1928.read.1.tlog
C:\Users\Administrator\Desktop\cau 2\ConsoleApplication5\Debug\link.1928.write.1.tlog
C:\Users\Administrator\Desktop\cau 2\ConsoleApplication5\Debug\link.3444-cvtres.read.1.tlog
C:\Users\Administrator\Desktop\cau 2\ConsoleApplication5\Debug\link.3444-cvtres.write.1.tlog
C:\Users\Administrator\Desktop\cau 2\ConsoleApplication5\Debug\link.3444-rc.read.1.tlog
C:\Users\Administrator\Desktop\cau 2\ConsoleApplication5\Debug\link.3444-rc.write.1.tlog
C:\Users\Administrator\Desktop\cau 2\ConsoleApplication5\Debug\link.3444.read.1.tlog
C:\Users\Administrator\Desktop\cau 2\ConsoleApplication5\Debug\link.3444.write.1.tlog
C:\Users\Administrator\Desktop\cau 2\ConsoleApplication5\Debug\link.3756-cvtres.read.1.tlog
C:\Users\Administrator\Desktop\cau 2\ConsoleApplication5\Debug\link.3756-cvtres.write.1.tlog
C:\Users\Administrator\Desktop\cau 2\ConsoleApplication5\Debug\link.3756-rc.read.1.tlog
C:\Users\Administrator\Desktop\cau 2\ConsoleApplication5\Debug\link.3756-rc.write.1.tlog
C:\Users\Administrator\Desktop\cau 2\ConsoleApplication5\Debug\link.3756.read.1.tlog
C:\Users\Administrator\Desktop\cau 2\ConsoleApplication5\Debug\link.3756.write.1.tlog
C:\Users\Administrator\Desktop\cau 2\ConsoleApplication5\Debug\link.3884-cvtres.read.1.tlog
C:\Users\Administrator\Desktop\cau 2\ConsoleApplication5\Debug\link.3884-cvtres.write.1.tlog
C:\Users\Administrator\Desktop\cau 2\ConsoleApplication5\Debug\link.3884-rc.read.1.tlog
C:\Users\Administrator\Desktop\cau 2\ConsoleApplication5\Debug\link.3884-rc.write.1.tlog
C:\Users\Administrator\Desktop\cau 2\ConsoleApplication5\Debug\link.3884.read.1.tlog
C:\Users\Administrator\Desktop\cau 2\ConsoleApplication5\Debug\link.3884.write.1.tlog
C:\Users\Administrator\Desktop\cau 2\ConsoleApplication5\Debug\link.488-cvtres.read.1.tlog
C:\Users\Administrator\Desktop\cau 2\ConsoleApplication5\Debug\link.488-cvtres.write.1.tlog
C:\Users\Administrator\Desktop\cau 2\ConsoleApplication5\Debug\link.488-rc.read.1.tlog
C:\Users\Administrator\Desktop\cau 2\ConsoleApplication5\Debug\link.488-rc.write.1.tlog
C:\Users\Administrator\Desktop\cau 2\ConsoleApplication5\Debug\link.488.read.1.tlog
C:\Users\Administrator\Desktop\cau 2\ConsoleApplication5\Debug\link.488.write.1.tlog
C:\Users\Administrator\Desktop\cau 2\ConsoleApplication5\Debug\link.964-cvtres.read.1.tlog
C:\Users\Administrator\Desktop\cau 2\ConsoleApplication5\Debug\link.964-cvtres.write.1.tlog
C:\Users\Administrator\Desktop\cau 2\ConsoleApplication5\Debug\link.964-rc.read.1.tlog
C:\Users\Administrator\Desktop\cau 2\ConsoleApplication5\Debug\link.964-rc.write.1.tlog
C:\Users\Administrator\Desktop\cau 2\ConsoleApplication5\Debug\link.964.read.1.tlog
C:\Users\Administrator\Desktop\cau 2\ConsoleApplication5\Debug\link.964.write.1.tlog
C:\Users\Administrator\Desktop\cau 2\ConsoleApplication5\Debug\link.command.1.tlog
C:\Users\Administrator\Desktop\cau 2\ConsoleApplication5\Debug\link.read.1.tlog
C:\Users\Administrator\Desktop\cau 2\ConsoleApplication5\Debug\link.write.1.tlog
C:\Users\Administrator\Desktop\cau 2\ConsoleApplication5\Debug\vc110.idb
C:\Users\Administrator\Desktop\cau 2\ConsoleApplication5\Debug\vc110.pdb
C:\Users\Administrator\Desktop\cau 2\Debug\ConsoleApplication5.pdb
C:\Users\Administrator\Desktop\cau 2\Debug\ConsoleApplication5.exe
C:\Users\Administrator\Desktop\cau 2\Debug\ConsoleApplication5.ilk
